[20161107-19:10:57.000689-24865][INFO]####################################################################
[20161107-19:10:57.000689-24865][INFO]#                         PLOT                                     #
[20161107-19:10:57.000689-24865][INFO]#                         V1.0.0                                   #
[20161107-19:10:57.000689-24865][INFO]####################################################################

[20161107-19:10:57.000690-24865][INFO]#Redis# rds_host:127.0.0.1, rds_port:6379, rds_pwd:123456, rds_db:0
[20161107-19:10:57.000690-24865][INFO]#Redis# rds_host:127.0.0.1, rds_port:6379, rds_pwd:123456, rds_db:1
[20161107-19:10:57.000690-24865][INFO]#Redis# rds_host:127.0.0.1, rds_port:6379, rds_pwd:123456, rds_db:2
[20161107-19:10:57.000691-24865][INFO]01:trade:rtno:__m001
[20161107-19:10:57.000691-24865][INFO]#PLOT# [01:router:plot:a], SendQueue:[01:router:client]
[20161107-19:10:57.000691-24865][INFO]#Channel# channel:[:channel], userstatus:[:usr:info], client_queue:[:router:client]
[20161107-19:10:57.000691-24865][INFO]rspaction:[:trade:rspa:], rspinsert:[:trade:rspi:], clientposition:[:usr:position], instrument:[:instrument]
[20161107-19:10:57.000691-24865][INFO]rtnorder:[:trade:rtno:], rtntrade:[:trade:rtnt:]
[20161107-19:10:57.000691-24865][INFO]===============================================================

[20161107-19:10:57.000691-24866][INFO]m_routerMsg:[01:router:plot:a]
[20161107-19:10:57.000691-24866][INFO]取队列数量8
[20161107-19:10:57.000691-24866][INFO]a
[20161107-19:10:57.000691-24866][INFO]a
[20161107-19:10:57.000691-24866][INFO]a
[20161107-19:10:57.000691-24866][INFO]a
[20161107-19:10:57.000691-24866][INFO]a
[20161107-19:10:57.000691-24866][INFO]a
[20161107-19:10:57.000691-24866][INFO]a
[20161107-19:10:57.000691-24866][INFO]a
[20161107-19:10:57.000691-24866][INFO]发送伪造报单数据8
